[01:58:57] [User Authenticator #59/INFO]: UUID of player TgKWQRuvgKq4 is 9dd70fca-901f-378f-b30d-3b8637a20efe
[01:58:57] [Server thread/INFO]: TgKWQRuvgKq4[/223.102.52.91:4781] logged in with entity id 1144570 at ([world]107.6454017780099, 98.0, 77.79404098430093)
[02:18:40] [Server thread/INFO]: TgKWQRuvgKq4 drowned
[02:22:40] [Server thread/INFO]: TgKWQRuvgKq4 drowned
[02:30:07] [Server thread/INFO]: TgKWQRuvgKq4 drowned
[02:40:48] [Server thread/INFO]: TgKWQRuvgKq4 fell from a high place
[03:11:52] [Server thread/INFO]: TgKWQRuvgKq4 fell from a high place
[03:22:34] [Server thread/INFO]: TgKWQRuvgKq4 discovered the floor was lava
[03:59:27] [Server thread/INFO]: TgKWQRuvgKq4 was shot by Skeleton
[04:07:51] [Server thread/INFO]: TgKWQRuvgKq4 fell from a high place
[04:39:01] [Server thread/INFO]: TgKWQRuvgKq4 fell from a high place
[04:52:06] [Server thread/INFO]: TgKWQRuvgKq4 fell from a high place
[05:09:13] [Server thread/INFO]: TgKWQRuvgKq4 fell from a high place
[05:26:36] [Server thread/INFO]: TgKWQRuvgKq4 fell from a high place
[05:29:20] [Server thread/INFO]: TgKWQRuvgKq4 fell from a high place
[05:30:19] [Server thread/INFO]: TgKWQRuvgKq4 lost connection: Disconnected
[05:30:19] [Server thread/INFO]: TgKWQRuvgKq4 left the game
[14:17:20] [User Authenticator #60/INFO]: UUID of player TgKWQRuvgKq4 is 9dd70fca-901f-378f-b30d-3b8637a20efe
[14:17:20] [Server thread/INFO]: TgKWQRuvgKq4[/223.102.52.91:4799] logged in with entity id 1169320 at ([world]0.1318647187372026, 101.0, -0.7326831357300432)
[15:31:08] [Server thread/INFO]: TgKWQRuvgKq4 was slain by Zombie
[15:39:26] [Server thread/WARN]: TgKWQRuvgKq4 moved too quickly! 10.043889654390227,-3.19969684206508,2.1066974893996075
[15:46:57] [Server thread/INFO]: TgKWQRuvgKq4 was slain by Zombie
[15:54:22] [Server thread/INFO]: TgKWQRuvgKq4 drowned
[16:08:03] [Server thread/INFO]: TgKWQRuvgKq4 fell from a high place
[16:20:07] [Server thread/INFO]: TgKWQRuvgKq4 fell from a high place
[16:27:55] [Server thread/INFO]: TgKWQRuvgKq4 was slain by Zombie
[16:34:25] [Server thread/INFO]: TgKWQRuvgKq4 was slain by Zombie
[16:37:52] [Server thread/INFO]: TgKWQRuvgKq4 fell from a high place
[16:39:25] [Server thread/INFO]: TgKWQRuvgKq4 drowned
[16:55:43] [Server thread/INFO]: TgKWQRuvgKq4 drowned
[17:01:00] [Server thread/INFO]: TgKWQRuvgKq4 fell from a high place
[17:08:40] [Server thread/INFO]: TgKWQRuvgKq4 fell from a high place
[17:11:05] [Server thread/WARN]: TgKWQRuvgKq4 moved too quickly! 13.398134688401296,0.17675927506424216,-0.41060964832666147
[17:23:08] [Server thread/INFO]: TgKWQRuvgKq4 drowned
[17:25:27] [Server thread/INFO]: TgKWQRuvgKq4 drowned
[17:35:31] [Server thread/INFO]: TgKWQRuvgKq4 fell from a high place
[17:40:44] [Server thread/INFO]: TgKWQRuvgKq4 drowned
[17:43:32] [Server thread/INFO]: TgKWQRuvgKq4 drowned
[17:53:27] [Server thread/INFO]: TgKWQRuvgKq4 drowned
[18:00:41] [Server thread/INFO]: TgKWQRuvgKq4 fell from a high place
[18:06:41] [Server thread/INFO]: TgKWQRuvgKq4 hit the ground too hard
[18:26:41] [Server thread/INFO]: TgKWQRuvgKq4 hit the ground too hard
[18:55:15] [Server thread/INFO]: TgKWQRuvgKq4 was shot by Skeleton
[19:00:42] [Server thread/INFO]: TgKWQRuvgKq4 drowned
[19:16:40] [Server thread/INFO]: TgKWQRuvgKq4 drowned
[19:18:37] [Server thread/INFO]: TgKWQRuvgKq4 lost connection: Disconnected
[19:18:37] [Server thread/INFO]: TgKWQRuvgKq4 left the game
